<?xml version="1.0" encoding="UTF-8"?>
<!-- Generated by org.testng.reporters.JUnitReportReporter -->
<testsuite skipped="0" hostname="HYD001781" name="com.framework.core.TestBase" tests="1" failures="0" timestamp="11 Oct 2017 15:16:06 GMT" time="0.007" errors="0">
  <testcase name="test" time="0.007" classname="com.framework.core.TestBase"/>
</testsuite> <!-- com.framework.core.TestBase -->
