<?xml version="1.0" encoding="UTF-8"?>
<!-- Generated by org.testng.reporters.JUnitReportReporter -->
<testsuite skipped="0" hostname="DESKTOP-O1JPDAB" name="com.framework.reader.PropertyFileReader" tests="1" failures="0" timestamp="16 Oct 2017 17:00:27 GMT" time="0.038" errors="0">
  <testcase name="test" time="0.038" classname="com.framework.reader.PropertyFileReader"/>
</testsuite> <!-- com.framework.reader.PropertyFileReader -->
